<?xml version="1.0" encoding="UTF-8"?>
<!-- Generated by org.testng.reporters.JUnitReportReporter -->
<testsuite hostname="ZIL1322" failures="0" tests="2" name="gmd.sand.tests.ProductListingPageTest" time="24.566" errors="2" timestamp="2025-08-31T19:49:37 IST" skipped="0">
  <testcase classname="gmd.sand.tests.ProductListingPageTest" name="navigateToProductListingPage" time="9.939">
    <error message="stale element reference: stale element not found
  (Session info: chrome=140.0.7339.41)
For documentation on this error, please visit: https://www.selenium.dev/documentation/webdriver/troubleshooting/errors#stale-element-reference-exception
Build info: version: &#039;4.35.0&#039;, revision: &#039;1c58e5028b&#039;
System info: os.name: &#039;Windows 11&#039;, os.arch: &#039;amd64&#039;, os.version: &#039;10.0&#039;, java.version: &#039;21.0.4&#039;
Driver info: org.openqa.selenium.chrome.ChromeDriver
Command: [8234e4a17b28ee4a04b3d5423ab353f0, clickElement {id=f.34F20C618842761CDA31A2CBB32889BA.d.41D2A85DC117E15ABBBEB3E4C8237E45.e.49}]
Capabilities {acceptInsecureCerts: false, browserName: chrome, browserVersion: 140.0.7339.41, chrome: {chromedriverVersion: 140.0.7339.41 (ad7a45a75341..., userDataDir: C:\Users\JITEND~1.GAW\AppDa...}, fedcm:accounts: true, goog:chromeOptions: {debuggerAddress: localhost:59896}, networkConnectionEnabled: false, pageLoadStrategy: normal, platformName: windows, proxy: Proxy(), se:cdp: ws://localhost:59896/devtoo..., se:cdpVersion: 140.0.7339.41, setWindowRect: true, strictFileInteractability: false, timeouts: {implicit: 0, pageLoad: 300000, script: 30000}, unhandledPromptBehavior: dismiss and notify, webauthn:extension:credBlob: true, webauthn:extension:largeBlob: true, webauthn:extension:minPinLength: true, webauthn:extension:prf: true, webauthn:virtualAuthenticators: true}
Element: [[ChromeDriver: chrome on windows (8234e4a17b28ee4a04b3d5423ab353f0)] -&gt; xpath: //span[@id=&quot;Products_0&quot;]]
Session ID: 8234e4a17b28ee4a04b3d5423ab353f0" type="org.openqa.selenium.StaleElementReferenceException">
      <![CDATA[org.openqa.selenium.StaleElementReferenceException: stale element reference: stale element not found
  (Session info: chrome=140.0.7339.41)
For documentation on this error, please visit: https://www.selenium.dev/documentation/webdriver/troubleshooting/errors#stale-element-reference-exception
Build info: version: '4.35.0', revision: '1c58e5028b'
System info: os.name: 'Windows 11', os.arch: 'amd64', os.version: '10.0', java.version: '21.0.4'
Driver info: org.openqa.selenium.chrome.ChromeDriver
Command: [8234e4a17b28ee4a04b3d5423ab353f0, clickElement {id=f.34F20C618842761CDA31A2CBB32889BA.d.41D2A85DC117E15ABBBEB3E4C8237E45.e.49}]
Capabilities {acceptInsecureCerts: false, browserName: chrome, browserVersion: 140.0.7339.41, chrome: {chromedriverVersion: 140.0.7339.41 (ad7a45a75341..., userDataDir: C:\Users\JITEND~1.GAW\AppDa...}, fedcm:accounts: true, goog:chromeOptions: {debuggerAddress: localhost:59896}, networkConnectionEnabled: false, pageLoadStrategy: normal, platformName: windows, proxy: Proxy(), se:cdp: ws://localhost:59896/devtoo..., se:cdpVersion: 140.0.7339.41, setWindowRect: true, strictFileInteractability: false, timeouts: {implicit: 0, pageLoad: 300000, script: 30000}, unhandledPromptBehavior: dismiss and notify, webauthn:extension:credBlob: true, webauthn:extension:largeBlob: true, webauthn:extension:minPinLength: true, webauthn:extension:prf: true, webauthn:virtualAuthenticators: true}
Element: [[ChromeDriver: chrome on windows (8234e4a17b28ee4a04b3d5423ab353f0)] -> xpath: //span[@id="Products_0"]]
Session ID: 8234e4a17b28ee4a04b3d5423ab353f0
at java.base/jdk.internal.reflect.DirectConstructorHandleAccessor.newInstance(DirectConstructorHandleAccessor.java:62)
at java.base/java.lang.reflect.Constructor.newInstanceWithCaller(Constructor.java:502)
at java.base/java.lang.reflect.Constructor.newInstance(Constructor.java:486)
at org.openqa.selenium.remote.ErrorCodec.decode(ErrorCodec.java:167)
at org.openqa.selenium.remote.codec.w3c.W3CHttpResponseCodec.decode(W3CHttpResponseCodec.java:138)
at org.openqa.selenium.remote.codec.w3c.W3CHttpResponseCodec.decode(W3CHttpResponseCodec.java:50)
at org.openqa.selenium.remote.HttpCommandExecutor.execute(HttpCommandExecutor.java:215)
at org.openqa.selenium.remote.service.DriverCommandExecutor.invokeExecute(DriverCommandExecutor.java:216)
at org.openqa.selenium.remote.service.DriverCommandExecutor.execute(DriverCommandExecutor.java:174)
at org.openqa.selenium.remote.RemoteWebDriver.execute(RemoteWebDriver.java:557)
at org.openqa.selenium.remote.RemoteWebElement.execute(RemoteWebElement.java:223)
at org.openqa.selenium.remote.RemoteWebElement.click(RemoteWebElement.java:76)
at java.base/jdk.internal.reflect.DirectMethodHandleAccessor.invoke(DirectMethodHandleAccessor.java:103)
at java.base/java.lang.reflect.Method.invoke(Method.java:580)
at org.openqa.selenium.support.pagefactory.internal.LocatingElementHandler.invoke(LocatingElementHandler.java:51)
at jdk.proxy2/jdk.proxy2.$Proxy12.click(Unknown Source)
at gmd.sand.utils.CommonActions.click(CommonActions.java:18)
at gmd.sand.pages.ProductListingPage.navigateToProductsCategoryLandingPage(ProductListingPage.java:34)
at gmd.sand.tests.ProductListingPageTest.navigateToProductListingPage(ProductListingPageTest.java:17)
at java.base/jdk.internal.reflect.DirectMethodHandleAccessor.invoke(DirectMethodHandleAccessor.java:103)
at java.base/java.lang.reflect.Method.invoke(Method.java:580)
at org.testng.internal.invokers.MethodInvocationHelper.invokeMethod(MethodInvocationHelper.java:141)
at org.testng.internal.invokers.TestInvoker.invokeMethod(TestInvoker.java:687)
at org.testng.internal.invokers.TestInvoker.invokeTestMethod(TestInvoker.java:230)
at org.testng.internal.invokers.MethodRunner.runInSequence(MethodRunner.java:63)
at org.testng.internal.invokers.TestInvoker$MethodInvocationAgent.invoke(TestInvoker.java:995)
at org.testng.internal.invokers.TestInvoker.invokeTestMethods(TestInvoker.java:203)
at org.testng.internal.invokers.TestMethodWorker.invokeTestMethods(TestMethodWorker.java:154)
at org.testng.internal.invokers.TestMethodWorker.run(TestMethodWorker.java:134)
at java.base/java.util.ArrayList.forEach(ArrayList.java:1596)
at org.testng.TestRunner.privateRun(TestRunner.java:741)
at org.testng.TestRunner.run(TestRunner.java:616)
at org.testng.SuiteRunner.runTest(SuiteRunner.java:421)
at org.testng.SuiteRunner.runSequentially(SuiteRunner.java:413)
at org.testng.SuiteRunner.privateRun(SuiteRunner.java:373)
at org.testng.SuiteRunner.run(SuiteRunner.java:312)
at org.testng.SuiteRunnerWorker.runSuite(SuiteRunnerWorker.java:52)
at org.testng.SuiteRunnerWorker.run(SuiteRunnerWorker.java:95)
at org.testng.TestNG.runSuitesSequentially(TestNG.java:1274)
at org.testng.TestNG.runSuitesLocally(TestNG.java:1208)
at org.testng.TestNG.runSuites(TestNG.java:1112)
at org.testng.TestNG.run(TestNG.java:1079)
at org.testng.remote.AbstractRemoteTestNG.run(AbstractRemoteTestNG.java:115)
at org.testng.remote.RemoteTestNG.initAndRun(RemoteTestNG.java:293)
at org.testng.remote.RemoteTestNG.main(RemoteTestNG.java:91)
]]>
    </error>
  </testcase> <!-- navigateToProductListingPage -->
  <testcase classname="gmd.sand.tests.ProductListingPageTest" name="addProductToCartFromPLP" time="14.627">
    <error message="element click intercepted: Element &lt;input id=&quot;18n51fgo3oa15r6&quot; role=&quot;searchbox&quot; aria-autocomplete=&quot;list&quot; autocomplete=&quot;on&quot; aria-labelledby=&quot;18n51fgo3oa15r6-label&quot; placeholder=&quot;Search or Select Bill To&quot; data-test-selector=&quot;changeCustomerBillToSelector-input&quot; aria-expanded=&quot;false&quot; aria-controls=&quot;18n51fgo3oa15r6-listbox&quot; class=&quot;PopoverTriggerInput-sc-1gkz1ip bbqdRl&quot; type=&quot;text&quot; value=&quot;&quot;&gt; is not clickable at point (425, 389). Other element would receive the click: &lt;div class=&quot;sc-bczRLJ dfAKWk&quot;&gt;...&lt;/div&gt;
  (Session info: chrome=140.0.7339.41)
Build info: version: &#039;4.35.0&#039;, revision: &#039;1c58e5028b&#039;
System info: os.name: &#039;Windows 11&#039;, os.arch: &#039;amd64&#039;, os.version: &#039;10.0&#039;, java.version: &#039;21.0.4&#039;
Driver info: org.openqa.selenium.chrome.ChromeDriver
Command: [a74d506a33c234a3cb5dcc05d84b99c4, clickElement {id=f.230D504299B69E8579B263EE16111342.d.A3A05FB2543CFEE505B7ED25E93BF533.e.105}]
Capabilities {acceptInsecureCerts: false, browserName: chrome, browserVersion: 140.0.7339.41, chrome: {chromedriverVersion: 140.0.7339.41 (ad7a45a75341..., userDataDir: C:\Users\JITEND~1.GAW\AppDa...}, fedcm:accounts: true, goog:chromeOptions: {debuggerAddress: localhost:52270}, networkConnectionEnabled: false, pageLoadStrategy: normal, platformName: windows, proxy: Proxy(), se:cdp: ws://localhost:52270/devtoo..., se:cdpVersion: 140.0.7339.41, setWindowRect: true, strictFileInteractability: false, timeouts: {implicit: 0, pageLoad: 300000, script: 30000}, unhandledPromptBehavior: dismiss and notify, webauthn:extension:credBlob: true, webauthn:extension:largeBlob: true, webauthn:extension:minPinLength: true, webauthn:extension:prf: true, webauthn:virtualAuthenticators: true}
Element: [[ChromeDriver: chrome on windows (a74d506a33c234a3cb5dcc05d84b99c4)] -&gt; xpath: //input[@data-test-selector=&quot;changeCustomerBillToSelector-input&quot;]]
Session ID: a74d506a33c234a3cb5dcc05d84b99c4" type="org.openqa.selenium.ElementClickInterceptedException">
      <![CDATA[org.openqa.selenium.ElementClickInterceptedException: element click intercepted: Element <input id="18n51fgo3oa15r6" role="searchbox" aria-autocomplete="list" autocomplete="on" aria-labelledby="18n51fgo3oa15r6-label" placeholder="Search or Select Bill To" data-test-selector="changeCustomerBillToSelector-input" aria-expanded="false" aria-controls="18n51fgo3oa15r6-listbox" class="PopoverTriggerInput-sc-1gkz1ip bbqdRl" type="text" value=""> is not clickable at point (425, 389). Other element would receive the click: <div class="sc-bczRLJ dfAKWk">...</div>
  (Session info: chrome=140.0.7339.41)
Build info: version: '4.35.0', revision: '1c58e5028b'
System info: os.name: 'Windows 11', os.arch: 'amd64', os.version: '10.0', java.version: '21.0.4'
Driver info: org.openqa.selenium.chrome.ChromeDriver
Command: [a74d506a33c234a3cb5dcc05d84b99c4, clickElement {id=f.230D504299B69E8579B263EE16111342.d.A3A05FB2543CFEE505B7ED25E93BF533.e.105}]
Capabilities {acceptInsecureCerts: false, browserName: chrome, browserVersion: 140.0.7339.41, chrome: {chromedriverVersion: 140.0.7339.41 (ad7a45a75341..., userDataDir: C:\Users\JITEND~1.GAW\AppDa...}, fedcm:accounts: true, goog:chromeOptions: {debuggerAddress: localhost:52270}, networkConnectionEnabled: false, pageLoadStrategy: normal, platformName: windows, proxy: Proxy(), se:cdp: ws://localhost:52270/devtoo..., se:cdpVersion: 140.0.7339.41, setWindowRect: true, strictFileInteractability: false, timeouts: {implicit: 0, pageLoad: 300000, script: 30000}, unhandledPromptBehavior: dismiss and notify, webauthn:extension:credBlob: true, webauthn:extension:largeBlob: true, webauthn:extension:minPinLength: true, webauthn:extension:prf: true, webauthn:virtualAuthenticators: true}
Element: [[ChromeDriver: chrome on windows (a74d506a33c234a3cb5dcc05d84b99c4)] -> xpath: //input[@data-test-selector="changeCustomerBillToSelector-input"]]
Session ID: a74d506a33c234a3cb5dcc05d84b99c4
at java.base/jdk.internal.reflect.DirectConstructorHandleAccessor.newInstance(DirectConstructorHandleAccessor.java:62)
at java.base/java.lang.reflect.Constructor.newInstanceWithCaller(Constructor.java:502)
at java.base/java.lang.reflect.Constructor.newInstance(Constructor.java:486)
at org.openqa.selenium.remote.ErrorCodec.decode(ErrorCodec.java:167)
at org.openqa.selenium.remote.codec.w3c.W3CHttpResponseCodec.decode(W3CHttpResponseCodec.java:138)
at org.openqa.selenium.remote.codec.w3c.W3CHttpResponseCodec.decode(W3CHttpResponseCodec.java:50)
at org.openqa.selenium.remote.HttpCommandExecutor.execute(HttpCommandExecutor.java:215)
at org.openqa.selenium.remote.service.DriverCommandExecutor.invokeExecute(DriverCommandExecutor.java:216)
at org.openqa.selenium.remote.service.DriverCommandExecutor.execute(DriverCommandExecutor.java:174)
at org.openqa.selenium.remote.RemoteWebDriver.execute(RemoteWebDriver.java:557)
at org.openqa.selenium.remote.RemoteWebElement.execute(RemoteWebElement.java:223)
at org.openqa.selenium.remote.RemoteWebElement.click(RemoteWebElement.java:76)
at java.base/jdk.internal.reflect.DirectMethodHandleAccessor.invoke(DirectMethodHandleAccessor.java:103)
at java.base/java.lang.reflect.Method.invoke(Method.java:580)
at org.openqa.selenium.support.pagefactory.internal.LocatingElementHandler.invoke(LocatingElementHandler.java:51)
at jdk.proxy2/jdk.proxy2.$Proxy12.click(Unknown Source)
at gmd.sand.utils.CommonActions.click(CommonActions.java:18)
at gmd.sand.pages.HomePage.changeCustomer(HomePage.java:46)
at gmd.sand.tests.ProductListingPageTest.addProductToCartFromPLP(ProductListingPageTest.java:27)
at java.base/jdk.internal.reflect.DirectMethodHandleAccessor.invoke(DirectMethodHandleAccessor.java:103)
at java.base/java.lang.reflect.Method.invoke(Method.java:580)
at org.testng.internal.invokers.MethodInvocationHelper.invokeMethod(MethodInvocationHelper.java:141)
at org.testng.internal.invokers.TestInvoker.invokeMethod(TestInvoker.java:687)
at org.testng.internal.invokers.TestInvoker.invokeTestMethod(TestInvoker.java:230)
at org.testng.internal.invokers.MethodRunner.runInSequence(MethodRunner.java:63)
at org.testng.internal.invokers.TestInvoker$MethodInvocationAgent.invoke(TestInvoker.java:995)
at org.testng.internal.invokers.TestInvoker.invokeTestMethods(TestInvoker.java:203)
at org.testng.internal.invokers.TestMethodWorker.invokeTestMethods(TestMethodWorker.java:154)
at org.testng.internal.invokers.TestMethodWorker.run(TestMethodWorker.java:134)
at java.base/java.util.ArrayList.forEach(ArrayList.java:1596)
at org.testng.TestRunner.privateRun(TestRunner.java:741)
at org.testng.TestRunner.run(TestRunner.java:616)
at org.testng.SuiteRunner.runTest(SuiteRunner.java:421)
at org.testng.SuiteRunner.runSequentially(SuiteRunner.java:413)
at org.testng.SuiteRunner.privateRun(SuiteRunner.java:373)
at org.testng.SuiteRunner.run(SuiteRunner.java:312)
at org.testng.SuiteRunnerWorker.runSuite(SuiteRunnerWorker.java:52)
at org.testng.SuiteRunnerWorker.run(SuiteRunnerWorker.java:95)
at org.testng.TestNG.runSuitesSequentially(TestNG.java:1274)
at org.testng.TestNG.runSuitesLocally(TestNG.java:1208)
at org.testng.TestNG.runSuites(TestNG.java:1112)
at org.testng.TestNG.run(TestNG.java:1079)
at org.testng.remote.AbstractRemoteTestNG.run(AbstractRemoteTestNG.java:115)
at org.testng.remote.RemoteTestNG.initAndRun(RemoteTestNG.java:293)
at org.testng.remote.RemoteTestNG.main(RemoteTestNG.java:91)
]]>
    </error>
  </testcase> <!-- addProductToCartFromPLP -->
</testsuite> <!-- gmd.sand.tests.ProductListingPageTest -->
